<?xml version="1.0" encoding="UTF-8"?>
<!-- Generated by org.testng.reporters.JUnitReportReporter -->
<testsuite hostname="D-INE-3T5DBS2" failures="0" tests="9" name="com.runner.TestNGLogin" time="272.936" errors="1" timestamp="2023-11-22T10:21:12 IST" skipped="0">
  <testcase classname="com.runner.TestNGLogin" name="runScenario" time="22.323"/>
  <testcase classname="com.runner.TestNGLogin" name="runScenario" time="42.245"/>
  <testcase classname="com.runner.TestNGLogin" name="runScenario" time="37.493"/>
  <testcase classname="com.runner.TestNGLogin" name="runScenario" time="15.803"/>
  <testcase classname="com.runner.TestNGLogin" name="runScenario" time="23.135">
    <error message="element not interactable: Element is not currently visible and may not be manipulated
  (Session info: chrome=114.0.5735.199)
Build info: version: &#039;4.14.1&#039;, revision: &#039;03f8ede370&#039;
System info: os.name: &#039;Windows 10&#039;, os.arch: &#039;amd64&#039;, os.version: &#039;10.0&#039;, java.version: &#039;21&#039;
Driver info: org.openqa.selenium.chrome.ChromeDriver
Command: [b6aa679db34b9939ac52d92704ec8783, clickElement {id=8911A403D3561274E29BC0D285CEBD80_element_213}]
Capabilities {acceptInsecureCerts: false, browserName: chrome, browserVersion: 114.0.5735.199, chrome: {chromedriverVersion: 114.0.5735.90 (386bc09e8f4f..., userDataDir: C:\Users\KMURAL~1\AppData\L...}, goog:chromeOptions: {debuggerAddress: localhost:58067}, networkConnectionEnabled: false, pageLoadStrategy: normal, platformName: windows, proxy: Proxy(), se:cdp: ws://localhost:58067/devtoo..., se:cdpVersion: 114.0.5735.199, setWindowRect: true, strictFileInteractability: false, timeouts: {implicit: 0, pageLoad: 300000, script: 30000}, unhandledPromptBehavior: dismiss and notify, webauthn:extension:credBlob: true, webauthn:extension:largeBlob: true, webauthn:extension:minPinLength: true, webauthn:extension:prf: true, webauthn:virtualAuthenticators: true}
Element: [[[[ChromeDriver: chrome on windows (b6aa679db34b9939ac52d92704ec8783)] -&gt; xpath: //select[@data-bind=&#039;value: selectedSortingChoice&#039;]]] -&gt; xpath: .//option[normalize-space(.) = &quot;Duration - High to Low&quot;]]
Session ID: b6aa679db34b9939ac52d92704ec8783" type="org.openqa.selenium.ElementNotInteractableException">
      <![CDATA[org.openqa.selenium.ElementNotInteractableException: element not interactable: Element is not currently visible and may not be manipulated
  (Session info: chrome=114.0.5735.199)
Build info: version: '4.14.1', revision: '03f8ede370'
System info: os.name: 'Windows 10', os.arch: 'amd64', os.version: '10.0', java.version: '21'
Driver info: org.openqa.selenium.chrome.ChromeDriver
Command: [b6aa679db34b9939ac52d92704ec8783, clickElement {id=8911A403D3561274E29BC0D285CEBD80_element_213}]
Capabilities {acceptInsecureCerts: false, browserName: chrome, browserVersion: 114.0.5735.199, chrome: {chromedriverVersion: 114.0.5735.90 (386bc09e8f4f..., userDataDir: C:\Users\KMURAL~1\AppData\L...}, goog:chromeOptions: {debuggerAddress: localhost:58067}, networkConnectionEnabled: false, pageLoadStrategy: normal, platformName: windows, proxy: Proxy(), se:cdp: ws://localhost:58067/devtoo..., se:cdpVersion: 114.0.5735.199, setWindowRect: true, strictFileInteractability: false, timeouts: {implicit: 0, pageLoad: 300000, script: 30000}, unhandledPromptBehavior: dismiss and notify, webauthn:extension:credBlob: true, webauthn:extension:largeBlob: true, webauthn:extension:minPinLength: true, webauthn:extension:prf: true, webauthn:virtualAuthenticators: true}
Element: [[[[ChromeDriver: chrome on windows (b6aa679db34b9939ac52d92704ec8783)] -> xpath: //select[@data-bind='value: selectedSortingChoice']]] -> xpath: .//option[normalize-space(.) = "Duration - High to Low"]]
Session ID: b6aa679db34b9939ac52d92704ec8783
at java.base/jdk.internal.reflect.DirectConstructorHandleAccessor.newInstance(DirectConstructorHandleAccessor.java:62)
at java.base/java.lang.reflect.Constructor.newInstanceWithCaller(Constructor.java:502)
at java.base/java.lang.reflect.Constructor.newInstance(Constructor.java:486)
at org.openqa.selenium.remote.codec.w3c.W3CHttpResponseCodec.createException(W3CHttpResponseCodec.java:200)
at org.openqa.selenium.remote.codec.w3c.W3CHttpResponseCodec.decode(W3CHttpResponseCodec.java:133)
at org.openqa.selenium.remote.codec.w3c.W3CHttpResponseCodec.decode(W3CHttpResponseCodec.java:52)
at org.openqa.selenium.remote.HttpCommandExecutor.execute(HttpCommandExecutor.java:191)
at org.openqa.selenium.remote.service.DriverCommandExecutor.invokeExecute(DriverCommandExecutor.java:200)
at org.openqa.selenium.remote.service.DriverCommandExecutor.execute(DriverCommandExecutor.java:175)
at org.openqa.selenium.remote.RemoteWebDriver.execute(RemoteWebDriver.java:602)
at org.openqa.selenium.remote.RemoteWebElement.execute(RemoteWebElement.java:224)
at org.openqa.selenium.remote.RemoteWebElement.click(RemoteWebElement.java:77)
at org.openqa.selenium.support.ui.Select.setSelected(Select.java:315)
at org.openqa.selenium.support.ui.Select.selectByVisibleText(Select.java:119)
at com.actions.tourPackageActions.sort(tourPackageActions.java:46)
at com.stepDefinitions.tourPackageStepDefinitions.user_sorts_the_search(tourPackageStepDefinitions.java:54)
at âœ½.user sorts the search(file:///C:/BlackSquad_PilotProject_1/Thomascook/src/test/resources/features/tourPackage.feature:10)
]]>
    </error>
  </testcase> <!-- runScenario -->
  <testcase classname="com.runner.TestNGLogin" name="runScenario" time="26.062"/>
  <testcase classname="com.runner.TestNGLogin" name="runScenario" time="44.170"/>
  <testcase classname="com.runner.TestNGLogin" name="runScenario" time="42.120"/>
  <testcase classname="com.runner.TestNGLogin" name="runScenario" time="19.585"/>
</testsuite> <!-- com.runner.TestNGLogin -->
